<?xml version="1.0" encoding="UTF-8"?>
<testng-results skipped="0" failed="0" total="1" passed="1">
  <reporter-output>
  </reporter-output>
  <suite name="Default suite" duration-ms="44653" started-at="2016-12-24T00:55:04Z" finished-at="2016-12-24T00:55:49Z">
    <groups>
    </groups>
    <test name="Default test" duration-ms="44653" started-at="2016-12-24T00:55:04Z" finished-at="2016-12-24T00:55:49Z">
      <class name="com.shi.rtcp.business.driver.TestDriver">
        <test-method status="PASS" signature="driverTest(java.lang.String)[pri:0, instance:com.shi.rtcp.business.driver.TestDriver@61832929]" name="driverTest" duration-ms="44630" started-at="2016-12-23T18:55:04Z" data-provider="scriptProvider" finished-at="2016-12-23T18:55:49Z">
          <params>
            <param index="0">
              <value>
                <![CDATA[C:/Users/npaladu/Desktop/RTCP/EndToEndTestSears.xlsx]]>
              </value>
            </param>
          </params>
          <reporter-output>
          </reporter-output>
        </test-method> <!-- driverTest -->
      </class> <!-- com.shi.rtcp.business.driver.TestDriver -->
    </test> <!-- Default test -->
  </suite> <!-- Default suite -->
</testng-results>
